啟動 Ansible Web Platform 前端服務...
環境設定:
- Host: 0.0.0.0
- Port: 3000
- 來源對應: 已禁用
- ESLint 外掛: 已禁用
正在啟動 React 開發服務器...

> ansible-web-frontend@0.1.0 start
> HOST=0.0.0.0 react-scripts start

Attempting to bind to HOST environment variable: 0.0.0.0
If this was unintentional, check that you haven't mistakenly set it in your shell.
Learn more here: https://cra.link/advanced-config

(node:3580) [DEP_WEBPACK_DEV_SERVER_ON_AFTER_SETUP_MIDDLEWARE] DeprecationWarning: 'onAfterSetupMiddleware' option is deprecated. Please use the 'setupMiddlewares' option.
(Use `node --trace-deprecation ...` to show where the warning was created)
(node:3580) [DEP_WEBPACK_DEV_SERVER_ON_BEFORE_SETUP_MIDDLEWARE] DeprecationWarning: 'onBeforeSetupMiddleware' option is deprecated. Please use the 'setupMiddlewares' option.
Starting the development server...

Compiled successfully!

You can now view ansible-web-frontend in the browser.

  Local:            http://localhost:3000
  On Your Network:  http://192.168.68.58:3000

Note that the development build is not optimized.
To create a production build, use npm run build.

webpack compiled successfully
(node:3580) [DEP0060] DeprecationWarning: The `util._extend` API is deprecated. Please use Object.assign() instead.
./start-frontend.sh: line 31:  3564 Terminated: 15          npm start
